 $ LHS File Format Version 1.00 
$
$ This LHS run was executed on  5/ 9/23 at 13:21:53.21
$ with LHS Version: 2.30 Release 1, Compiled May 31, 2001        
$ The run title was:
$ Pecos::LHSDriver                                                                                 RANDOM SAMPLE
$
$ Message output file for this run: LHS_distributions.out
$
$ Input file(s) for this run: 
$
$ Point Values for the distributions follow:
$
$ All point values represent mean values that
$ were calculated from the actual LHS sample.
$
    Uniform1              5.0005196E-01
    Uniform2              2.0834413E+00
$
@UNCERTAINTY
  @OBSERVATIONS     10
  @VARIABLES      2
    Uniform1:          
    Uniform2:          
@SAMPLEDATA
           1           2  0.49443986342754215        1.7082760855555534     
           2           2  0.49727473790757359        2.5318157202564180     
           3           2  0.50662655679974711        1.5936009916476905     
           4           2  0.50958889995235945        2.9816418644040823     
           5           2  0.49179642068222162        2.6165633727796376     
           6           2  0.49413438308052721        1.7934732129797339     
           7           2  0.50741464606951925        2.0368359824642539     
           8           2  0.50837221808731559        1.3754424522630870     
           9           2  0.49976822379976510        2.2234877231530845     
          10           2  0.49110360241495071        1.9732759967446327     
